<?xml version="1.0" encoding="UTF-8"?>
<!-- Generated by org.testng.reporters.JUnitReportReporter -->
<testsuite hostname="PC-IndrajeetY" failures="0" tests="4" name="com.tutorialsninja.qa.testcases.RegisterTest" time="18.081" errors="0" timestamp="2024-11-22T00:04:58 IST" skipped="0">
  <testcase classname="com.tutorialsninja.qa.testcases.RegisterTest" name="verifyRegisteringAnAccountWithMandatoryFields" time="4.699"/>
  <testcase classname="com.tutorialsninja.qa.testcases.RegisterTest" name="verifyRegisteringAnAccountByProvidingAllFields" time="4.484"/>
  <testcase classname="com.tutorialsninja.qa.testcases.RegisterTest" name="verifyRegisteringAccountWithExistingEmailAddress" time="4.250"/>
  <testcase classname="com.tutorialsninja.qa.testcases.RegisterTest" name="verifyRegisteringAccountWithoutFillingAnyDetails" time="4.648"/>
</testsuite> <!-- com.tutorialsninja.qa.testcases.RegisterTest -->
